<?xml version="1.0" encoding="utf-8" standalone="no"?>
<!--This file represents the results of running a test suite-->
<test-results name="C:\Users\apple\Source\Repos\CSYE-6202\PrintingPatterns\TrianglePatterns\bin\Debug\TrianglePatterns.exe" total="0" errors="0" failures="0" not-run="0" inconclusive="0" ignored="0" skipped="0" invalid="0" date="2015-09-30" time="18:47:12">
  <environment nunit-version="2.6.4.14350" clr-version="2.0.50727.5466" os-version="Microsoft Windows NT 6.1.7601 Service Pack 1" platform="Win32NT" cwd="C:\Program Files (x86)\NUnit 2.6.4\bin" machine-name="APPLEAD7E" user="apple" user-domain="APPLEAD7E" />
  <culture-info current-culture="en-US" current-uiculture="en-US" />
  <test-suite type="Assembly" name="C:\Users\apple\Source\Repos\CSYE-6202\PrintingPatterns\TrianglePatterns\bin\Debug\TrianglePatterns.exe" executed="True" result="Inconclusive" success="False" time="0.008" asserts="0" />
</test-results>