<?xml version="1.0" encoding="utf-8" standalone="no"?>
<!--This file represents the results of running a test suite-->
<test-results name="C:\Users\apple\Source\Repos\CSYE-6202\BoxingWeights\BoxingWeights.Tests\bin\Debug\BoxingWeights.Tests.dll" total="18" errors="0" failures="0" not-run="0" inconclusive="0" ignored="0" skipped="0" invalid="0" date="2015-10-06" time="19:27:56">
  <environment nunit-version="2.6.4.14350" clr-version="2.0.50727.5485" os-version="Microsoft Windows NT 6.1.7601 Service Pack 1" platform="Win32NT" cwd="C:\Program Files (x86)\NUnit 2.6.4\bin" machine-name="APPLEAD7E" user="apple" user-domain="APPLEAD7E" />
  <culture-info current-culture="en-US" current-uiculture="en-US" />
  <test-suite type="Assembly" name="C:\Users\apple\Source\Repos\CSYE-6202\BoxingWeights\BoxingWeights.Tests\bin\Debug\BoxingWeights.Tests.dll" executed="True" result="Success" success="True" time="0.053" asserts="0">
    <results>
      <test-suite type="Namespace" name="BoxingWeights" executed="True" result="Success" success="True" time="0.053" asserts="0">
        <results>
          <test-suite type="Namespace" name="Tests" executed="True" result="Success" success="True" time="0.052" asserts="0">
            <results>
              <test-suite type="TestFixture" name="WhenRunningBoxingWeights" executed="True" result="Success" success="True" time="0.052" asserts="0">
                <results>
                  <test-case name="BoxingWeights.Tests.WhenRunningBoxingWeights.When_NumberIs0_ResultShouldBeStrawweightAndHeavyweight" executed="True" result="Success" success="True" time="0.000" asserts="1" />
                  <test-case name="BoxingWeights.Tests.WhenRunningBoxingWeights.When_NumberIs105_ResultShouldBeStrawweightAndHeavyweight" executed="True" result="Success" success="True" time="0.000" asserts="1" />
                  <test-case name="BoxingWeights.Tests.WhenRunningBoxingWeights.When_NumberIs106_ResultShouldBeJuniorFlyweightAndHeavyweight" executed="True" result="Success" success="True" time="0.000" asserts="1" />
                  <test-case name="BoxingWeights.Tests.WhenRunningBoxingWeights.When_NumberIs112_ResultShouldBeFlyweightAndHeavyweight" executed="True" result="Success" success="True" time="0.000" asserts="1" />
                  <test-case name="BoxingWeights.Tests.WhenRunningBoxingWeights.When_NumberIs117_ResultShouldBeBantamWeightAndHeavyweight" executed="True" result="Success" success="True" time="0.000" asserts="1" />
                  <test-case name="BoxingWeights.Tests.WhenRunningBoxingWeights.When_NumberIs118_ResultShouldBantamweightAndHeavyweight" executed="True" result="Success" success="True" time="0.000" asserts="1" />
                  <test-case name="BoxingWeights.Tests.WhenRunningBoxingWeights.When_NumberIs119_ResultShouldBeJuniorFeatherweightAndHeavyweight" executed="True" result="Success" success="True" time="0.000" asserts="1" />
                  <test-case name="BoxingWeights.Tests.WhenRunningBoxingWeights.When_NumberIs125_ResultShouldBeFeatherweightAndHeavyweight" executed="True" result="Success" success="True" time="0.000" asserts="1" />
                  <test-case name="BoxingWeights.Tests.WhenRunningBoxingWeights.When_NumberIs130_ResultShouldBeJuniorLightweightAndHeavyweight" executed="True" result="Success" success="True" time="0.000" asserts="1" />
                  <test-case name="BoxingWeights.Tests.WhenRunningBoxingWeights.When_NumberIs133_ResultShouldBeLightweightAndHeavyweight" executed="True" result="Success" success="True" time="0.000" asserts="1" />
                  <test-case name="BoxingWeights.Tests.WhenRunningBoxingWeights.When_NumberIs139_ResultShouldBeJuniorWelterweightAndHeavyweight" executed="True" result="Success" success="True" time="0.000" asserts="1" />
                  <test-case name="BoxingWeights.Tests.WhenRunningBoxingWeights.When_NumberIs154_ResultShouldBeJuniorMiddleweightAndHeavyweight" executed="True" result="Success" success="True" time="0.000" asserts="1" />
                  <test-case name="BoxingWeights.Tests.WhenRunningBoxingWeights.When_NumberIs155_ResultShouldBeMiddleweightAndHeavyweight" executed="True" result="Success" success="True" time="0.000" asserts="1" />
                  <test-case name="BoxingWeights.Tests.WhenRunningBoxingWeights.When_NumberIs167_ResultShouldBeSuperMiddleweightAndHeavyweight" executed="True" result="Success" success="True" time="0.000" asserts="1" />
                  <test-case name="BoxingWeights.Tests.WhenRunningBoxingWeights.When_NumberIs175_ResultShouldBeLightHeavyweightAndHeavyweight" executed="True" result="Success" success="True" time="0.000" asserts="1" />
                  <test-case name="BoxingWeights.Tests.WhenRunningBoxingWeights.When_NumberIs199_ResultShouldBeCruiserweightAndHeavyweight" executed="True" result="Success" success="True" time="0.000" asserts="1" />
                  <test-case name="BoxingWeights.Tests.WhenRunningBoxingWeights.When_NumberIs200_ResultShouldBeCruiserweightAndHeavyweight" executed="True" result="Success" success="True" time="0.000" asserts="1" />
                  <test-case name="BoxingWeights.Tests.WhenRunningBoxingWeights.When_NumberIs260_ResultShouldBeHeavyweight" executed="True" result="Success" success="True" time="0.000" asserts="1" />
                </results>
              </test-suite>
            </results>
          </test-suite>
        </results>
      </test-suite>
    </results>
  </test-suite>
</test-results>